<?xml version="1.0" encoding="UTF-8"?>
<!-- Generated by org.testng.reporters.JUnitXMLReporter -->
<testsuite ignored="0" hostname="Hp_Laptop" failures="2" tests="12" name="Admin Module Tests" time="87.251" errors="0" timestamp="2025-10-18T00:18:46 PKT">
  <testcase classname="Admin.Create_User" name="loginTest" time="17.787"/>
  <testcase classname="Admin.Create_User" name="createUserTest" time="21.159"/>
  <testcase classname="Admin.Create_User" name="logoutTest" time="1.463"/>
  <testcase classname="Admin.Delete_User" name="loginTest" time="3.125"/>
  <testcase classname="Admin.Delete_User" name="deleteUserTest" time="2.103"/>
  <testcase classname="Admin.Delete_User" name="logoutTest" time="1.458"/>
  <testcase classname="Admin.Edit_User" name="loginTest" time="3.313"/>
  <testcase classname="Admin.Edit_User" name="editUserTest" time="14.174">
    <failure type="org.openqa.selenium.TimeoutException" message="Expected condition failed: waiting for visibility of [[ChromeDriver: chrome on windows (2b3d0a4143c1434196dfa6b7a410fbcd)] -&amp;gt; xpath: //div[contains(@class,&amp;apos;oxd-toast&amp;apos;)]] (tried for 10 second(s) with 500 milliseconds interval)
Build info: version: &amp;apos;4.35.0&amp;apos;, revision: &amp;apos;1c58e5028b&amp;apos;
System info: os.name: &amp;apos;Windows 11&amp;apos;, os.arch: &amp;apos;amd64&amp;apos;, os.version: &amp;apos;10.0&amp;apos;, java.version: &amp;apos;23.0.1&amp;apos;
Driver info: org.openqa.selenium.chrome.ChromeDriver
Capabilities {acceptInsecureCerts: false, browserName: chrome, browserVersion: 141.0.7390.107, chrome: {chromedriverVersion: 141.0.7390.78 (2b53b0e231fc..., userDataDir: C:\Users\shykh\AppData\Loca...}, fedcm:accounts: true, goog:chromeOptions: {debuggerAddress: localhost:60894}, networkConnectionEnabled: false, pageLoadStrategy: normal, platformName: windows, proxy: Proxy(), se:cdp: ws://localhost:60894/devtoo..., se:cdpVersion: 141.0.7390.107, setWindowRect: true, strictFileInteractability: false, timeouts: {implicit: 0, pageLoad: 300000, script: 30000}, unhandledPromptBehavior: dismiss and notify, webauthn:extension:credBlob: true, webauthn:extension:largeBlob: true, webauthn:extension:minPinLength: true, webauthn:extension:prf: true, webauthn:virtualAuthenticators: true}
Session ID: 2b3d0a4143c1434196dfa6b7a410fbcd">
      <![CDATA[org.openqa.selenium.TimeoutException: Expected condition failed: waiting for visibility of [[ChromeDriver: chrome on windows (2b3d0a4143c1434196dfa6b7a410fbcd)] -> xpath: //div[contains(@class,'oxd-toast')]] (tried for 10 second(s) with 500 milliseconds interval)
Build info: version: '4.35.0', revision: '1c58e5028b'
System info: os.name: 'Windows 11', os.arch: 'amd64', os.version: '10.0', java.version: '23.0.1'
Driver info: org.openqa.selenium.chrome.ChromeDriver
Capabilities {acceptInsecureCerts: false, browserName: chrome, browserVersion: 141.0.7390.107, chrome: {chromedriverVersion: 141.0.7390.78 (2b53b0e231fc..., userDataDir: C:\Users\shykh\AppData\Loca...}, fedcm:accounts: true, goog:chromeOptions: {debuggerAddress: localhost:60894}, networkConnectionEnabled: false, pageLoadStrategy: normal, platformName: windows, proxy: Proxy(), se:cdp: ws://localhost:60894/devtoo..., se:cdpVersion: 141.0.7390.107, setWindowRect: true, strictFileInteractability: false, timeouts: {implicit: 0, pageLoad: 300000, script: 30000}, unhandledPromptBehavior: dismiss and notify, webauthn:extension:credBlob: true, webauthn:extension:largeBlob: true, webauthn:extension:minPinLength: true, webauthn:extension:prf: true, webauthn:virtualAuthenticators: true}
Session ID: 2b3d0a4143c1434196dfa6b7a410fbcd
at org.openqa.selenium.support.ui.WebDriverWait.timeoutException(WebDriverWait.java:84)
at org.openqa.selenium.support.ui.FluentWait.until(FluentWait.java:228)
at orangehrm.PageObject.LoginPage.getToastMessage(LoginPage.java:97)
at orangehrm.PageObject.LoginPage.verifyToastMessage(LoginPage.java:104)
at Admin.Edit_User.editUserTest(Edit_User.java:62)
at java.base/java.util.ArrayList.forEach(ArrayList.java:1597)
... Removed 29 stack frames]]>
    </failure>
  </testcase> <!-- editUserTest -->
  <testcase classname="Admin.Edit_User" name="logoutTest" time="0.001">
    <skipped/>
  </testcase> <!-- logoutTest -->
  <testcase classname="Admin.Search_User" name="loginTest" time="3.682"/>
  <testcase classname="Admin.Search_User" name="searchUserTest" time="2.914">
    <failure type="java.lang.AssertionError" message="Record text did not match! expected [(1) Record Found] but found [No Records Found]">
      <![CDATA[java.lang.AssertionError: Record text did not match! expected [(1) Record Found] but found [No Records Found]
at orangehrm.PageObject.Admin_SearchUser.getRecordText(Admin_SearchUser.java:110)
at Admin.Search_User.searchUserTest(Search_User.java:73)
at java.base/java.util.ArrayList.forEach(ArrayList.java:1597)
... Removed 34 stack frames]]>
    </failure>
  </testcase> <!-- searchUserTest -->
  <testcase classname="Admin.Search_User" name="logoutTest" time="0.001">
    <skipped/>
  </testcase> <!-- logoutTest -->
</testsuite> <!-- Admin Module Tests -->
