<?xml version="1.0" encoding="UTF-8"?>
<!-- Generated by org.testng.reporters.JUnitXMLReporter -->
<testsuite ignored="0" hostname="Hp_Laptop" failures="0" tests="9" name="Buzz Module Tests" time="34.701" errors="0" timestamp="2025-10-18T00:19:21 PKT">
  <testcase classname="Buzz.AddPost" name="loginTest" time="2.953"/>
  <testcase classname="Buzz.AddPost" name="addLikeCommentTest" time="3.115"/>
  <testcase classname="Buzz.AddPost" name="logoutTest" time="1.459"/>
  <testcase classname="Buzz.DeletePost" name="loginTest" time="3.364"/>
  <testcase classname="Buzz.DeletePost" name="deletePostTest" time="3.196"/>
  <testcase classname="Buzz.DeletePost" name="logoutTest" time="1.622"/>
  <testcase classname="Buzz.EditPost" name="loginTest" time="2.575"/>
  <testcase classname="Buzz.EditPost" name="editPostTest" time="3.764"/>
  <testcase classname="Buzz.EditPost" name="logoutTest" time="1.471"/>
</testsuite> <!-- Buzz Module Tests -->
