<?xml version="1.0" encoding="UTF-8"?>
<!-- Generated by org.testng.reporters.JUnitXMLReporter -->
<testsuite ignored="0" hostname="Hp_Laptop" failures="0" tests="5" name="Claim Module Tests" time="57.116" errors="0" timestamp="2025-10-18T00:20:18 PKT">
  <testcase classname="Claim.AddClaim" name="loginTest" time="3.029"/>
  <testcase classname="Claim.AddClaim" name="assignClaimTest" time="16.045"/>
  <testcase classname="Claim.AddClaim" name="assignClaimTest" time="16.18"/>
  <testcase classname="Claim.AddClaim" name="assignClaimTest" time="16.407"/>
  <testcase classname="Claim.AddClaim" name="logoutTest" time="1.726"/>
</testsuite> <!-- Claim Module Tests -->
