<?xml version="1.0" encoding="UTF-8"?>
<!-- Generated by org.testng.reporters.JUnitXMLReporter -->
<testsuite ignored="0" hostname="Hp_Laptop" failures="1" tests="15" name="PIM Module Tests" time="90.483" errors="0" timestamp="2025-10-18T00:21:49 PKT">
  <testcase classname="PIM.Add_Employee" name="loginTest" time="2.925"/>
  <testcase classname="PIM.Add_Employee" name="addEmployeeTest" time="18.836"/>
  <testcase classname="PIM.Add_Employee" name="logoutTest" time="1.329"/>
  <testcase classname="PIM.Delete_AllEmployee" name="loginTest" time="3.349"/>
  <testcase classname="PIM.Delete_AllEmployee" name="deleteAllEmployeesTest" time="2.352"/>
  <testcase classname="PIM.Delete_AllEmployee" name="logoutTest" time="1.354"/>
  <testcase classname="PIM.Delete_Employee" name="loginTest" time="3.356"/>
  <testcase classname="PIM.Delete_Employee" name="deleteEmployeeTest" time="2.084"/>
  <testcase classname="PIM.Delete_Employee" name="logoutTest" time="1.368"/>
  <testcase classname="PIM.Edit_Employee" name="loginTest" time="2.949"/>
  <testcase classname="PIM.Edit_Employee" name="editEmployeeTest" time="25.321"/>
  <testcase classname="PIM.Edit_Employee" name="logoutTest" time="1.48"/>
  <testcase classname="PIM.Search_Employee" name="loginTest" time="2.97"/>
  <testcase classname="PIM.Search_Employee" name="searchEmployeeTest" time="2.138">
    <failure type="java.lang.AssertionError" message="Record text does not match! expected [(1) Record Found] but found [No Records Found]">
      <![CDATA[java.lang.AssertionError: Record text does not match! expected [(1) Record Found] but found [No Records Found]
at orangehrm.PageObject.PIM_SearchEmployee.getRecordText(PIM_SearchEmployee.java:106)
at PIM.Search_Employee.searchEmployeeTest(Search_Employee.java:75)
at java.base/java.util.ArrayList.forEach(ArrayList.java:1597)
... Removed 34 stack frames]]>
    </failure>
  </testcase> <!-- searchEmployeeTest -->
  <testcase classname="PIM.Search_Employee" name="logoutTest" time="0.0">
    <skipped/>
  </testcase> <!-- logoutTest -->
</testsuite> <!-- PIM Module Tests -->
