<?xml version="1.0" encoding="UTF-8"?>
<!-- Generated by org.testng.reporters.JUnitXMLReporter -->
<testsuite ignored="0" hostname="Hp_Laptop" failures="0" tests="9" name="Recruitment Module Tests" time="34.937" errors="0" timestamp="2025-10-18T00:22:24 PKT">
  <testcase classname="Recruitment.AddApplicationwithShortlist" name="loginTest" time="3.07"/>
  <testcase classname="Recruitment.AddApplicationwithShortlist" name="addApplicantWithShortlistTest" time="4.017"/>
  <testcase classname="Recruitment.AddApplicationwithShortlist" name="logoutTest" time="1.363"/>
  <testcase classname="Recruitment.DeleteRecruitment" name="loginTest" time="2.952"/>
  <testcase classname="Recruitment.DeleteRecruitment" name="deleteApplicantTest" time="1.613"/>
  <testcase classname="Recruitment.DeleteRecruitment" name="logoutTest" time="1.319"/>
  <testcase classname="Recruitment.EditRecruitment" name="loginTest" time="3.25"/>
  <testcase classname="Recruitment.EditRecruitment" name="editApplicantTest" time="5.197"/>
  <testcase classname="Recruitment.EditRecruitment" name="logoutTest" time="1.484"/>
</testsuite> <!-- Recruitment Module Tests -->
