<?xml version="1.0" encoding="UTF-8"?>
<!-- Generated by org.testng.reporters.JUnitXMLReporter -->
<testsuite ignored="0" hostname="Hp_Laptop" failures="0" tests="3" name="Default test" time="63.832" errors="0" timestamp="2025-10-15T00:31:49 PKT">
  <testcase classname="Admin.Create_User" name="loginTest" time="19.542"/>
  <testcase classname="Admin.Create_User" name="createUserTest" time="27.301"/>
  <testcase classname="Admin.Create_User" name="logoutTest" time="2.974"/>
</testsuite> <!-- Default test -->
