<?xml version="1.0" encoding="UTF-8"?>
<!-- Generated by org.testng.reporters.JUnitXMLReporter -->
<testsuite ignored="0" hostname="Hp_Laptop" failures="1" tests="12" name="Admin Module Tests" time="90.254" errors="0" timestamp="2025-10-17T23:55:22 PKT">
  <testcase classname="Admin.Create_User" name="loginTest" time="18.502"/>
  <testcase classname="Admin.Create_User" name="createUserTest" time="21.358"/>
  <testcase classname="Admin.Create_User" name="logoutTest" time="1.457"/>
  <testcase classname="Admin.Delete_User" name="loginTest" time="4.177"/>
  <testcase classname="Admin.Delete_User" name="deleteUserTest" time="1.985"/>
  <testcase classname="Admin.Delete_User" name="logoutTest" time="3.148"/>
  <testcase classname="Admin.Edit_User" name="loginTest" time="4.27"/>
  <testcase classname="Admin.Edit_User" name="editUserTest" time="6.339"/>
  <testcase classname="Admin.Edit_User" name="logoutTest" time="2.163"/>
  <testcase classname="Admin.Search_User" name="loginTest" time="3.259"/>
  <testcase classname="Admin.Search_User" name="searchUserTest" time="2.841">
    <failure type="java.lang.AssertionError" message="Record text did not match! expected [(1) Record Found] but found [No Records Found]">
      <![CDATA[java.lang.AssertionError: Record text did not match! expected [(1) Record Found] but found [No Records Found]
at orangehrm.PageObject.Admin_SearchUser.getRecordText(Admin_SearchUser.java:110)
at Admin.Search_User.searchUserTest(Search_User.java:73)
at java.base/java.util.ArrayList.forEach(ArrayList.java:1597)
... Removed 30 stack frames]]>
    </failure>
  </testcase> <!-- searchUserTest -->
  <testcase classname="Admin.Search_User" name="logoutTest" time="0.0">
    <skipped/>
  </testcase> <!-- logoutTest -->
</testsuite> <!-- Admin Module Tests -->
