<?xml version="1.0" encoding="UTF-8"?>
<!-- Generated by org.testng.reporters.JUnitXMLReporter -->
<testsuite ignored="0" hostname="Hp_Laptop" failures="0" tests="9" name="Buzz Module Tests" time="36.47" errors="0" timestamp="2025-10-17T23:55:58 PKT">
  <testcase classname="Buzz.AddPost" name="loginTest" time="2.945"/>
  <testcase classname="Buzz.AddPost" name="addLikeCommentTest" time="3.487"/>
  <testcase classname="Buzz.AddPost" name="logoutTest" time="1.446"/>
  <testcase classname="Buzz.DeletePost" name="loginTest" time="2.95"/>
  <testcase classname="Buzz.DeletePost" name="deletePostTest" time="2.613"/>
  <testcase classname="Buzz.DeletePost" name="logoutTest" time="1.494"/>
  <testcase classname="Buzz.EditPost" name="loginTest" time="2.918"/>
  <testcase classname="Buzz.EditPost" name="editPostTest" time="4.011"/>
  <testcase classname="Buzz.EditPost" name="logoutTest" time="1.528"/>
</testsuite> <!-- Buzz Module Tests -->
