<?xml version="1.0" encoding="UTF-8"?>
<!-- Generated by org.testng.reporters.JUnitXMLReporter -->
<testsuite ignored="0" hostname="Hp_Laptop" failures="0" tests="5" name="Claim Module Tests" time="64.546" errors="0" timestamp="2025-10-17T23:57:03 PKT">
  <testcase classname="Claim.AddClaim" name="loginTest" time="3.248"/>
  <testcase classname="Claim.AddClaim" name="assignClaimTest" time="17.294"/>
  <testcase classname="Claim.AddClaim" name="assignClaimTest" time="17.862"/>
  <testcase classname="Claim.AddClaim" name="assignClaimTest" time="18.61"/>
  <testcase classname="Claim.AddClaim" name="logoutTest" time="1.785"/>
</testsuite> <!-- Claim Module Tests -->
