<?xml version="1.0" encoding="UTF-8"?>
<!-- Generated by org.testng.reporters.JUnitXMLReporter -->
<testsuite ignored="0" hostname="Hp_Laptop" failures="0" tests="15" name="PIM Module Tests" time="89.702" errors="0" timestamp="2025-10-17T23:58:33 PKT">
  <testcase classname="PIM.Add_Employee" name="loginTest" time="5.045"/>
  <testcase classname="PIM.Add_Employee" name="addEmployeeTest" time="18.151"/>
  <testcase classname="PIM.Add_Employee" name="logoutTest" time="1.363"/>
  <testcase classname="PIM.Delete_AllEmployee" name="loginTest" time="3.222"/>
  <testcase classname="PIM.Delete_AllEmployee" name="deleteAllEmployeesTest" time="1.697"/>
  <testcase classname="PIM.Delete_AllEmployee" name="logoutTest" time="1.498"/>
  <testcase classname="PIM.Delete_Employee" name="loginTest" time="3.177"/>
  <testcase classname="PIM.Delete_Employee" name="deleteEmployeeTest" time="2.288"/>
  <testcase classname="PIM.Delete_Employee" name="logoutTest" time="1.423"/>
  <testcase classname="PIM.Edit_Employee" name="loginTest" time="3.187"/>
  <testcase classname="PIM.Edit_Employee" name="editEmployeeTest" time="23.374"/>
  <testcase classname="PIM.Edit_Employee" name="logoutTest" time="1.352"/>
  <testcase classname="PIM.Search_Employee" name="loginTest" time="3.263"/>
  <testcase classname="PIM.Search_Employee" name="searchEmployeeTest" time="2.433"/>
  <testcase classname="PIM.Search_Employee" name="logoutTest" time="1.403"/>
</testsuite> <!-- PIM Module Tests -->
