<?xml version="1.0" encoding="UTF-8"?>
<!-- Generated by org.testng.reporters.JUnitXMLReporter -->
<testsuite ignored="0" hostname="Hp_Laptop" failures="0" tests="9" name="Recruitment Module Tests" time="38.479" errors="0" timestamp="2025-10-17T23:59:11 PKT">
  <testcase classname="Recruitment.AddApplicationwithShortlist" name="loginTest" time="3.905"/>
  <testcase classname="Recruitment.AddApplicationwithShortlist" name="addApplicantWithShortlistTest" time="4.491"/>
  <testcase classname="Recruitment.AddApplicationwithShortlist" name="logoutTest" time="1.508"/>
  <testcase classname="Recruitment.DeleteRecruitment" name="loginTest" time="3.579"/>
  <testcase classname="Recruitment.DeleteRecruitment" name="deleteApplicantTest" time="2.226"/>
  <testcase classname="Recruitment.DeleteRecruitment" name="logoutTest" time="1.427"/>
  <testcase classname="Recruitment.EditRecruitment" name="loginTest" time="3.306"/>
  <testcase classname="Recruitment.EditRecruitment" name="editApplicantTest" time="5.143"/>
  <testcase classname="Recruitment.EditRecruitment" name="logoutTest" time="1.424"/>
</testsuite> <!-- Recruitment Module Tests -->
