<?xml version="1.0" encoding="UTF-8"?>
<!-- Generated by org.testng.reporters.JUnitReportReporter -->
<testsuite hostname="Hp_Laptop" failures="0" tests="3" name="PIM.Add_Employee" time="24.559" errors="0" timestamp="2025-10-17T23:59:11 PKT" skipped="0">
  <testcase classname="PIM.Add_Employee" name="loginTest" time="5.045"/>
  <testcase classname="PIM.Add_Employee" name="addEmployeeTest" time="18.151"/>
  <testcase classname="PIM.Add_Employee" name="logoutTest" time="1.363"/>
</testsuite> <!-- PIM.Add_Employee -->
