<?xml version="1.0" encoding="UTF-8"?>
<!-- Generated by org.testng.reporters.JUnitReportReporter -->
<testsuite hostname="Hp_Laptop" failures="0" tests="3" name="Admin.Delete_User" time="9.310" errors="0" timestamp="2025-10-17T23:59:11 PKT" skipped="0">
  <testcase classname="Admin.Delete_User" name="loginTest" time="4.177"/>
  <testcase classname="Admin.Delete_User" name="deleteUserTest" time="1.985"/>
  <testcase classname="Admin.Delete_User" name="logoutTest" time="3.148"/>
</testsuite> <!-- Admin.Delete_User -->
