<?xml version="1.0" encoding="UTF-8"?>
<!-- Generated by org.testng.reporters.JUnitReportReporter -->
<testsuite hostname="Hp_Laptop" failures="0" tests="3" name="Recruitment.DeleteRecruitment" time="7.232" errors="0" timestamp="2025-10-17T23:59:11 PKT" skipped="0">
  <testcase classname="Recruitment.DeleteRecruitment" name="loginTest" time="3.579"/>
  <testcase classname="Recruitment.DeleteRecruitment" name="deleteApplicantTest" time="2.226"/>
  <testcase classname="Recruitment.DeleteRecruitment" name="logoutTest" time="1.427"/>
</testsuite> <!-- Recruitment.DeleteRecruitment -->
