<?xml version="1.0" encoding="UTF-8"?>
<!-- Generated by org.testng.reporters.JUnitReportReporter -->
<testsuite hostname="Hp_Laptop" failures="0" tests="3" name="PIM.Edit_Employee" time="27.913" errors="0" timestamp="2025-10-17T23:59:11 PKT" skipped="0">
  <testcase classname="PIM.Edit_Employee" name="loginTest" time="3.187"/>
  <testcase classname="PIM.Edit_Employee" name="editEmployeeTest" time="23.374"/>
  <testcase classname="PIM.Edit_Employee" name="logoutTest" time="1.352"/>
</testsuite> <!-- PIM.Edit_Employee -->
