<?xml version="1.0" encoding="UTF-8"?>
<!-- Generated by org.testng.reporters.JUnitReportReporter -->
<testsuite hostname="Hp_Laptop" failures="0" tests="3" name="Admin.Edit_User" time="12.772" errors="0" timestamp="2025-10-17T23:59:11 PKT" skipped="0">
  <testcase classname="Admin.Edit_User" name="loginTest" time="4.270"/>
  <testcase classname="Admin.Edit_User" name="editUserTest" time="6.339"/>
  <testcase classname="Admin.Edit_User" name="logoutTest" time="2.163"/>
</testsuite> <!-- Admin.Edit_User -->
