<?xml version="1.0" encoding="UTF-8"?>
<!-- Generated by org.testng.reporters.JUnitReportReporter -->
<testsuite hostname="Hp_Laptop" failures="0" tests="3" name="Buzz.DeletePost" time="7.057" errors="0" timestamp="2025-10-17T23:59:11 PKT" skipped="0">
  <testcase classname="Buzz.DeletePost" name="loginTest" time="2.950"/>
  <testcase classname="Buzz.DeletePost" name="deletePostTest" time="2.613"/>
  <testcase classname="Buzz.DeletePost" name="logoutTest" time="1.494"/>
</testsuite> <!-- Buzz.DeletePost -->
