<?xml version="1.0" encoding="UTF-8"?>
<!-- Generated by org.testng.reporters.JUnitReportReporter -->
<testsuite hostname="Hp_Laptop" failures="0" tests="3" name="Buzz.AddPost" time="7.878" errors="0" timestamp="2025-10-17T23:59:11 PKT" skipped="0">
  <testcase classname="Buzz.AddPost" name="loginTest" time="2.945"/>
  <testcase classname="Buzz.AddPost" name="addLikeCommentTest" time="3.487"/>
  <testcase classname="Buzz.AddPost" name="logoutTest" time="1.446"/>
</testsuite> <!-- Buzz.AddPost -->
