<?xml version="1.0" encoding="UTF-8"?>
<!-- Generated by org.testng.reporters.JUnitReportReporter -->
<testsuite hostname="Hp_Laptop" failures="0" tests="3" name="PIM.Delete_Employee" time="6.888" errors="0" timestamp="2025-10-17T23:59:11 PKT" skipped="0">
  <testcase classname="PIM.Delete_Employee" name="loginTest" time="3.177"/>
  <testcase classname="PIM.Delete_Employee" name="deleteEmployeeTest" time="2.288"/>
  <testcase classname="PIM.Delete_Employee" name="logoutTest" time="1.423"/>
</testsuite> <!-- PIM.Delete_Employee -->
