<?xml version="1.0" encoding="UTF-8"?>
<!-- Generated by org.testng.reporters.JUnitReportReporter -->
<testsuite hostname="Hp_Laptop" failures="0" tests="3" name="PIM.Delete_AllEmployee" time="6.417" errors="0" timestamp="2025-10-17T23:59:11 PKT" skipped="0">
  <testcase classname="PIM.Delete_AllEmployee" name="loginTest" time="3.222"/>
  <testcase classname="PIM.Delete_AllEmployee" name="deleteAllEmployeesTest" time="1.697"/>
  <testcase classname="PIM.Delete_AllEmployee" name="logoutTest" time="1.498"/>
</testsuite> <!-- PIM.Delete_AllEmployee -->
