<?xml version="1.0" encoding="UTF-8"?>
<!-- Generated by org.testng.reporters.JUnitReportReporter -->
<testsuite hostname="Hp_Laptop" failures="0" tests="3" name="Admin.Create_User" time="41.317" errors="0" timestamp="2025-10-17T23:59:11 PKT" skipped="0">
  <testcase classname="Admin.Create_User" name="loginTest" time="18.502"/>
  <testcase classname="Admin.Create_User" name="createUserTest" time="21.358"/>
  <testcase classname="Admin.Create_User" name="logoutTest" time="1.457"/>
</testsuite> <!-- Admin.Create_User -->
