<?xml version="1.0" encoding="UTF-8"?>
<!-- Generated by org.testng.reporters.JUnitReportReporter -->
<testsuite hostname="Hp_Laptop" failures="0" tests="3" name="Recruitment.AddApplicationwithShortlist" time="9.904" errors="0" timestamp="2025-10-17T23:59:11 PKT" skipped="0">
  <testcase classname="Recruitment.AddApplicationwithShortlist" name="loginTest" time="3.905"/>
  <testcase classname="Recruitment.AddApplicationwithShortlist" name="addApplicantWithShortlistTest" time="4.491"/>
  <testcase classname="Recruitment.AddApplicationwithShortlist" name="logoutTest" time="1.508"/>
</testsuite> <!-- Recruitment.AddApplicationwithShortlist -->
