<?xml version="1.0" encoding="UTF-8"?>
<!-- Generated by org.testng.reporters.JUnitReportReporter -->
<testsuite hostname="Hp_Laptop" failures="0" tests="3" name="Buzz.EditPost" time="8.457" errors="0" timestamp="2025-10-17T23:59:11 PKT" skipped="0">
  <testcase classname="Buzz.EditPost" name="loginTest" time="2.918"/>
  <testcase classname="Buzz.EditPost" name="editPostTest" time="4.011"/>
  <testcase classname="Buzz.EditPost" name="logoutTest" time="1.528"/>
</testsuite> <!-- Buzz.EditPost -->
