<?xml version="1.0" encoding="UTF-8"?>
<!-- Generated by org.testng.reporters.JUnitReportReporter -->
<testsuite hostname="Hp_Laptop" failures="0" tests="3" name="Recruitment.EditRecruitment" time="9.873" errors="0" timestamp="2025-10-17T23:59:11 PKT" skipped="0">
  <testcase classname="Recruitment.EditRecruitment" name="loginTest" time="3.306"/>
  <testcase classname="Recruitment.EditRecruitment" name="editApplicantTest" time="5.143"/>
  <testcase classname="Recruitment.EditRecruitment" name="logoutTest" time="1.424"/>
</testsuite> <!-- Recruitment.EditRecruitment -->
