<?xml version="1.0" encoding="UTF-8"?>
<!-- Generated by org.testng.reporters.JUnitReportReporter -->
<testsuite hostname="Hp_Laptop" failures="0" tests="3" name="PIM.Search_Employee" time="7.099" errors="0" timestamp="2025-10-17T23:59:11 PKT" skipped="0">
  <testcase classname="PIM.Search_Employee" name="loginTest" time="3.263"/>
  <testcase classname="PIM.Search_Employee" name="searchEmployeeTest" time="2.433"/>
  <testcase classname="PIM.Search_Employee" name="logoutTest" time="1.403"/>
</testsuite> <!-- PIM.Search_Employee -->
