<?xml version="1.0" encoding="UTF-8"?>
<!-- Generated by org.testng.reporters.JUnitReportReporter -->
<testsuite hostname="Hp_Laptop" failures="0" tests="3" name="Recruitment.DeleteRecruitment" time="5.884" errors="0" timestamp="2025-10-18T00:22:24 PKT" skipped="0">
  <testcase classname="Recruitment.DeleteRecruitment" name="loginTest" time="2.952"/>
  <testcase classname="Recruitment.DeleteRecruitment" name="deleteApplicantTest" time="1.613"/>
  <testcase classname="Recruitment.DeleteRecruitment" name="logoutTest" time="1.319"/>
</testsuite> <!-- Recruitment.DeleteRecruitment -->
