<?xml version="1.0" encoding="UTF-8"?>
<!-- Generated by org.testng.reporters.JUnitReportReporter -->
<testsuite hostname="Hp_Laptop" failures="0" tests="3" name="Admin.Delete_User" time="6.686" errors="0" timestamp="2025-10-18T00:22:24 PKT" skipped="0">
  <testcase classname="Admin.Delete_User" name="loginTest" time="3.125"/>
  <testcase classname="Admin.Delete_User" name="deleteUserTest" time="2.103"/>
  <testcase classname="Admin.Delete_User" name="logoutTest" time="1.458"/>
</testsuite> <!-- Admin.Delete_User -->
