<?xml version="1.0" encoding="UTF-8"?>
<!-- Generated by org.testng.reporters.JUnitReportReporter -->
<testsuite hostname="Hp_Laptop" failures="0" tests="3" name="PIM.Edit_Employee" time="29.750" errors="0" timestamp="2025-10-18T00:22:24 PKT" skipped="0">
  <testcase classname="PIM.Edit_Employee" name="loginTest" time="2.949"/>
  <testcase classname="PIM.Edit_Employee" name="editEmployeeTest" time="25.321"/>
  <testcase classname="PIM.Edit_Employee" name="logoutTest" time="1.480"/>
</testsuite> <!-- PIM.Edit_Employee -->
