<?xml version="1.0" encoding="UTF-8"?>
<!-- Generated by org.testng.reporters.JUnitReportReporter -->
<testsuite hostname="Hp_Laptop" failures="0" tests="5" name="Claim.AddClaim" time="53.387" errors="0" timestamp="2025-10-18T00:22:24 PKT" skipped="0">
  <testcase classname="Claim.AddClaim" name="loginTest" time="3.029"/>
  <testcase classname="Claim.AddClaim" name="assignClaimTest" time="16.407"/>
  <testcase classname="Claim.AddClaim" name="assignClaimTest" time="16.180"/>
  <testcase classname="Claim.AddClaim" name="assignClaimTest" time="16.045"/>
  <testcase classname="Claim.AddClaim" name="logoutTest" time="1.726"/>
</testsuite> <!-- Claim.AddClaim -->
