<?xml version="1.0" encoding="UTF-8"?>
<!-- Generated by org.testng.reporters.JUnitReportReporter -->
<testsuite hostname="Hp_Laptop" failures="0" tests="3" name="Buzz.AddPost" time="7.527" errors="0" timestamp="2025-10-18T00:22:24 PKT" skipped="0">
  <testcase classname="Buzz.AddPost" name="loginTest" time="2.953"/>
  <testcase classname="Buzz.AddPost" name="addLikeCommentTest" time="3.115"/>
  <testcase classname="Buzz.AddPost" name="logoutTest" time="1.459"/>
</testsuite> <!-- Buzz.AddPost -->
