<?xml version="1.0" encoding="UTF-8"?>
<!-- Generated by org.testng.reporters.JUnitReportReporter -->
<testsuite hostname="Hp_Laptop" failures="0" tests="3" name="Buzz.DeletePost" time="8.182" errors="0" timestamp="2025-10-18T00:22:24 PKT" skipped="0">
  <testcase classname="Buzz.DeletePost" name="loginTest" time="3.364"/>
  <testcase classname="Buzz.DeletePost" name="deletePostTest" time="3.196"/>
  <testcase classname="Buzz.DeletePost" name="logoutTest" time="1.622"/>
</testsuite> <!-- Buzz.DeletePost -->
