<?xml version="1.0" encoding="UTF-8"?>
<!-- Generated by org.testng.reporters.JUnitReportReporter -->
<testsuite hostname="Hp_Laptop" failures="0" tests="3" name="Buzz.EditPost" time="7.810" errors="0" timestamp="2025-10-18T00:22:24 PKT" skipped="0">
  <testcase classname="Buzz.EditPost" name="loginTest" time="2.575"/>
  <testcase classname="Buzz.EditPost" name="editPostTest" time="3.764"/>
  <testcase classname="Buzz.EditPost" name="logoutTest" time="1.471"/>
</testsuite> <!-- Buzz.EditPost -->
