<?xml version="1.0" encoding="UTF-8"?>
<!-- Generated by org.testng.reporters.JUnitReportReporter -->
<testsuite hostname="Hp_Laptop" failures="0" tests="3" name="Recruitment.AddApplicationwithShortlist" time="8.450" errors="0" timestamp="2025-10-18T00:22:24 PKT" skipped="0">
  <testcase classname="Recruitment.AddApplicationwithShortlist" name="loginTest" time="3.070"/>
  <testcase classname="Recruitment.AddApplicationwithShortlist" name="addApplicantWithShortlistTest" time="4.017"/>
  <testcase classname="Recruitment.AddApplicationwithShortlist" name="logoutTest" time="1.363"/>
</testsuite> <!-- Recruitment.AddApplicationwithShortlist -->
