<?xml version="1.0" encoding="UTF-8"?>
<!-- Generated by org.testng.reporters.JUnitReportReporter -->
<testsuite hostname="Hp_Laptop" failures="0" tests="3" name="Admin.Create_User" time="40.409" errors="0" timestamp="2025-10-18T00:22:24 PKT" skipped="0">
  <testcase classname="Admin.Create_User" name="loginTest" time="17.787"/>
  <testcase classname="Admin.Create_User" name="createUserTest" time="21.159"/>
  <testcase classname="Admin.Create_User" name="logoutTest" time="1.463"/>
</testsuite> <!-- Admin.Create_User -->
