<?xml version="1.0" encoding="UTF-8"?>
<!-- Generated by org.testng.reporters.JUnitReportReporter -->
<testsuite hostname="Hp_Laptop" failures="0" tests="3" name="PIM.Add_Employee" time="23.090" errors="0" timestamp="2025-10-18T00:22:24 PKT" skipped="0">
  <testcase classname="PIM.Add_Employee" name="loginTest" time="2.925"/>
  <testcase classname="PIM.Add_Employee" name="addEmployeeTest" time="18.836"/>
  <testcase classname="PIM.Add_Employee" name="logoutTest" time="1.329"/>
</testsuite> <!-- PIM.Add_Employee -->
