<?xml version="1.0" encoding="UTF-8"?>
<!-- Generated by org.testng.reporters.JUnitReportReporter -->
<testsuite hostname="Hp_Laptop" failures="0" tests="3" name="PIM.Delete_AllEmployee" time="7.055" errors="0" timestamp="2025-10-18T00:22:24 PKT" skipped="0">
  <testcase classname="PIM.Delete_AllEmployee" name="loginTest" time="3.349"/>
  <testcase classname="PIM.Delete_AllEmployee" name="deleteAllEmployeesTest" time="2.352"/>
  <testcase classname="PIM.Delete_AllEmployee" name="logoutTest" time="1.354"/>
</testsuite> <!-- PIM.Delete_AllEmployee -->
